

Microchip Technology PIC LITE Macro Assembler V1.32 build 58300 
                                                                                               Mon May 04 17:49:30 2015

Microchip Technology Omniscient Code Generator (Lite mode) build 58300
     1                           	processor	16F1783
     2                           	opt	pw 120
     3                           	opt	lm
     4                           	psect	intentry,global,class=CODE,delta=2
     5                           	psect	cinit,global,class=CODE,merge=1,delta=2
     6                           	psect	bssCOMMON,global,class=COMMON,space=1,delta=1
     7                           	psect	bssBANK0,global,class=BANK0,space=1,delta=1
     8                           	psect	cstackCOMMON,global,class=COMMON,space=1,delta=1
     9                           	psect	cstackBANK0,global,class=BANK0,space=1,delta=1
    10                           	psect	maintext,global,class=CODE,merge=1,split=1,delta=2
    11                           	psect	text1,local,class=CODE,merge=1,delta=2
    12                           	psect	text2,local,class=CODE,merge=1,delta=2
    13                           	psect	text3,local,class=CODE,merge=1,delta=2
    14                           	dabs	1,0x7E,2
    15  0000                     	;# 
    16  0001                     	;# 
    17  0002                     	;# 
    18  0003                     	;# 
    19  0004                     	;# 
    20  0005                     	;# 
    21  0006                     	;# 
    22  0007                     	;# 
    23  0008                     	;# 
    24  0009                     	;# 
    25  000A                     	;# 
    26  000B                     	;# 
    27  000C                     	;# 
    28  000D                     	;# 
    29  000E                     	;# 
    30  0010                     	;# 
    31  0011                     	;# 
    32  0012                     	;# 
    33  0014                     	;# 
    34  0015                     	;# 
    35  0016                     	;# 
    36  0016                     	;# 
    37  0017                     	;# 
    38  0018                     	;# 
    39  0019                     	;# 
    40  001A                     	;# 
    41  001B                     	;# 
    42  001C                     	;# 
    43  008C                     	;# 
    44  008D                     	;# 
    45  008E                     	;# 
    46  0090                     	;# 
    47  0091                     	;# 
    48  0092                     	;# 
    49  0094                     	;# 
    50  0095                     	;# 
    51  0096                     	;# 
    52  0097                     	;# 
    53  0098                     	;# 
    54  0099                     	;# 
    55  009A                     	;# 
    56  009B                     	;# 
    57  009B                     	;# 
    58  009C                     	;# 
    59  009D                     	;# 
    60  009E                     	;# 
    61  009F                     	;# 
    62  010C                     	;# 
    63  010D                     	;# 
    64  010E                     	;# 
    65  0111                     	;# 
    66  0112                     	;# 
    67  0113                     	;# 
    68  0114                     	;# 
    69  0115                     	;# 
    70  0116                     	;# 
    71  0117                     	;# 
    72  0118                     	;# 
    73  0119                     	;# 
    74  011D                     	;# 
    75  011D                     	;# 
    76  011E                     	;# 
    77  011F                     	;# 
    78  018C                     	;# 
    79  018D                     	;# 
    80  0191                     	;# 
    81  0191                     	;# 
    82  0192                     	;# 
    83  0193                     	;# 
    84  0193                     	;# 
    85  0193                     	;# 
    86  0194                     	;# 
    87  0195                     	;# 
    88  0196                     	;# 
    89  0197                     	;# 
    90  0199                     	;# 
    91  0199                     	;# 
    92  0199                     	;# 
    93  019A                     	;# 
    94  019A                     	;# 
    95  019A                     	;# 
    96  019B                     	;# 
    97  019B                     	;# 
    98  019B                     	;# 
    99  019B                     	;# 
   100  019B                     	;# 
   101  019C                     	;# 
   102  019C                     	;# 
   103  019C                     	;# 
   104  019D                     	;# 
   105  019D                     	;# 
   106  019D                     	;# 
   107  019E                     	;# 
   108  019E                     	;# 
   109  019E                     	;# 
   110  019F                     	;# 
   111  019F                     	;# 
   112  019F                     	;# 
   113  019F                     	;# 
   114  019F                     	;# 
   115  020C                     	;# 
   116  020D                     	;# 
   117  020E                     	;# 
   118  0210                     	;# 
   119  0211                     	;# 
   120  0211                     	;# 
   121  0212                     	;# 
   122  0212                     	;# 
   123  0213                     	;# 
   124  0213                     	;# 
   125  0214                     	;# 
   126  0214                     	;# 
   127  0215                     	;# 
   128  0215                     	;# 
   129  0215                     	;# 
   130  0216                     	;# 
   131  0216                     	;# 
   132  0217                     	;# 
   133  0217                     	;# 
   134  028C                     	;# 
   135  028D                     	;# 
   136  028E                     	;# 
   137  0291                     	;# 
   138  0291                     	;# 
   139  0292                     	;# 
   140  0293                     	;# 
   141  0298                     	;# 
   142  0298                     	;# 
   143  0299                     	;# 
   144  029A                     	;# 
   145  030C                     	;# 
   146  030D                     	;# 
   147  030E                     	;# 
   148  038C                     	;# 
   149  038D                     	;# 
   150  038E                     	;# 
   151  0390                     	;# 
   152  0391                     	;# 
   153  0392                     	;# 
   154  0393                     	;# 
   155  0394                     	;# 
   156  0395                     	;# 
   157  0396                     	;# 
   158  0397                     	;# 
   159  0398                     	;# 
   160  0399                     	;# 
   161  039D                     	;# 
   162  039E                     	;# 
   163  039F                     	;# 
   164  0511                     	;# 
   165  0513                     	;# 
   166  051A                     	;# 
   167  0811                     	;# 
   168  0812                     	;# 
   169  0813                     	;# 
   170  0814                     	;# 
   171  0815                     	;# 
   172  0816                     	;# 
   173  0817                     	;# 
   174  0818                     	;# 
   175  0819                     	;# 
   176  081A                     	;# 
   177  081B                     	;# 
   178  081C                     	;# 
   179  081D                     	;# 
   180  081E                     	;# 
   181  081F                     	;# 
   182  0820                     	;# 
   183  0821                     	;# 
   184  0821                     	;# 
   185  0822                     	;# 
   186  0823                     	;# 
   187  0823                     	;# 
   188  0824                     	;# 
   189  0825                     	;# 
   190  0825                     	;# 
   191  0826                     	;# 
   192  0827                     	;# 
   193  0827                     	;# 
   194  0828                     	;# 
   195  0829                     	;# 
   196  082A                     	;# 
   197  082B                     	;# 
   198  082C                     	;# 
   199  082D                     	;# 
   200  082E                     	;# 
   201  082F                     	;# 
   202  0831                     	;# 
   203  0832                     	;# 
   204  0833                     	;# 
   205  0834                     	;# 
   206  0835                     	;# 
   207  0836                     	;# 
   208  0837                     	;# 
   209  0838                     	;# 
   210  0839                     	;# 
   211  083A                     	;# 
   212  083B                     	;# 
   213  083C                     	;# 
   214  083D                     	;# 
   215  083E                     	;# 
   216  083F                     	;# 
   217  0840                     	;# 
   218  0841                     	;# 
   219  0841                     	;# 
   220  0842                     	;# 
   221  0843                     	;# 
   222  0843                     	;# 
   223  0844                     	;# 
   224  0845                     	;# 
   225  0845                     	;# 
   226  0846                     	;# 
   227  0847                     	;# 
   228  0847                     	;# 
   229  0848                     	;# 
   230  0849                     	;# 
   231  084A                     	;# 
   232  084B                     	;# 
   233  084C                     	;# 
   234  084D                     	;# 
   235  084E                     	;# 
   236  084F                     	;# 
   237  0FE4                     	;# 
   238  0FE5                     	;# 
   239  0FE6                     	;# 
   240  0FE7                     	;# 
   241  0FE8                     	;# 
   242  0FE9                     	;# 
   243  0FEA                     	;# 
   244  0FEB                     	;# 
   245  0FED                     	;# 
   246  0FEE                     	;# 
   247  0FEF                     	;# 
   248  0000                     	;# 
   249  0001                     	;# 
   250  0002                     	;# 
   251  0003                     	;# 
   252  0004                     	;# 
   253  0005                     	;# 
   254  0006                     	;# 
   255  0007                     	;# 
   256  0008                     	;# 
   257  0009                     	;# 
   258  000A                     	;# 
   259  000B                     	;# 
   260  000C                     	;# 
   261  000D                     	;# 
   262  000E                     	;# 
   263  0010                     	;# 
   264  0011                     	;# 
   265  0012                     	;# 
   266  0014                     	;# 
   267  0015                     	;# 
   268  0016                     	;# 
   269  0016                     	;# 
   270  0017                     	;# 
   271  0018                     	;# 
   272  0019                     	;# 
   273  001A                     	;# 
   274  001B                     	;# 
   275  001C                     	;# 
   276  008C                     	;# 
   277  008D                     	;# 
   278  008E                     	;# 
   279  0090                     	;# 
   280  0091                     	;# 
   281  0092                     	;# 
   282  0094                     	;# 
   283  0095                     	;# 
   284  0096                     	;# 
   285  0097                     	;# 
   286  0098                     	;# 
   287  0099                     	;# 
   288  009A                     	;# 
   289  009B                     	;# 
   290  009B                     	;# 
   291  009C                     	;# 
   292  009D                     	;# 
   293  009E                     	;# 
   294  009F                     	;# 
   295  010C                     	;# 
   296  010D                     	;# 
   297  010E                     	;# 
   298  0111                     	;# 
   299  0112                     	;# 
   300  0113                     	;# 
   301  0114                     	;# 
   302  0115                     	;# 
   303  0116                     	;# 
   304  0117                     	;# 
   305  0118                     	;# 
   306  0119                     	;# 
   307  011D                     	;# 
   308  011D                     	;# 
   309  011E                     	;# 
   310  011F                     	;# 
   311  018C                     	;# 
   312  018D                     	;# 
   313  0191                     	;# 
   314  0191                     	;# 
   315  0192                     	;# 
   316  0193                     	;# 
   317  0193                     	;# 
   318  0193                     	;# 
   319  0194                     	;# 
   320  0195                     	;# 
   321  0196                     	;# 
   322  0197                     	;# 
   323  0199                     	;# 
   324  0199                     	;# 
   325  0199                     	;# 
   326  019A                     	;# 
   327  019A                     	;# 
   328  019A                     	;# 
   329  019B                     	;# 
   330  019B                     	;# 
   331  019B                     	;# 
   332  019B                     	;# 
   333  019B                     	;# 
   334  019C                     	;# 
   335  019C                     	;# 
   336  019C                     	;# 
   337  019D                     	;# 
   338  019D                     	;# 
   339  019D                     	;# 
   340  019E                     	;# 
   341  019E                     	;# 
   342  019E                     	;# 
   343  019F                     	;# 
   344  019F                     	;# 
   345  019F                     	;# 
   346  019F                     	;# 
   347  019F                     	;# 
   348  020C                     	;# 
   349  020D                     	;# 
   350  020E                     	;# 
   351  0210                     	;# 
   352  0211                     	;# 
   353  0211                     	;# 
   354  0212                     	;# 
   355  0212                     	;# 
   356  0213                     	;# 
   357  0213                     	;# 
   358  0214                     	;# 
   359  0214                     	;# 
   360  0215                     	;# 
   361  0215                     	;# 
   362  0215                     	;# 
   363  0216                     	;# 
   364  0216                     	;# 
   365  0217                     	;# 
   366  0217                     	;# 
   367  028C                     	;# 
   368  028D                     	;# 
   369  028E                     	;# 
   370  0291                     	;# 
   371  0291                     	;# 
   372  0292                     	;# 
   373  0293                     	;# 
   374  0298                     	;# 
   375  0298                     	;# 
   376  0299                     	;# 
   377  029A                     	;# 
   378  030C                     	;# 
   379  030D                     	;# 
   380  030E                     	;# 
   381  038C                     	;# 
   382  038D                     	;# 
   383  038E                     	;# 
   384  0390                     	;# 
   385  0391                     	;# 
   386  0392                     	;# 
   387  0393                     	;# 
   388  0394                     	;# 
   389  0395                     	;# 
   390  0396                     	;# 
   391  0397                     	;# 
   392  0398                     	;# 
   393  0399                     	;# 
   394  039D                     	;# 
   395  039E                     	;# 
   396  039F                     	;# 
   397  0511                     	;# 
   398  0513                     	;# 
   399  051A                     	;# 
   400  0811                     	;# 
   401  0812                     	;# 
   402  0813                     	;# 
   403  0814                     	;# 
   404  0815                     	;# 
   405  0816                     	;# 
   406  0817                     	;# 
   407  0818                     	;# 
   408  0819                     	;# 
   409  081A                     	;# 
   410  081B                     	;# 
   411  081C                     	;# 
   412  081D                     	;# 
   413  081E                     	;# 
   414  081F                     	;# 
   415  0820                     	;# 
   416  0821                     	;# 
   417  0821                     	;# 
   418  0822                     	;# 
   419  0823                     	;# 
   420  0823                     	;# 
   421  0824                     	;# 
   422  0825                     	;# 
   423  0825                     	;# 
   424  0826                     	;# 
   425  0827                     	;# 
   426  0827                     	;# 
   427  0828                     	;# 
   428  0829                     	;# 
   429  082A                     	;# 
   430  082B                     	;# 
   431  082C                     	;# 
   432  082D                     	;# 
   433  082E                     	;# 
   434  082F                     	;# 
   435  0831                     	;# 
   436  0832                     	;# 
   437  0833                     	;# 
   438  0834                     	;# 
   439  0835                     	;# 
   440  0836                     	;# 
   441  0837                     	;# 
   442  0838                     	;# 
   443  0839                     	;# 
   444  083A                     	;# 
   445  083B                     	;# 
   446  083C                     	;# 
   447  083D                     	;# 
   448  083E                     	;# 
   449  083F                     	;# 
   450  0840                     	;# 
   451  0841                     	;# 
   452  0841                     	;# 
   453  0842                     	;# 
   454  0843                     	;# 
   455  0843                     	;# 
   456  0844                     	;# 
   457  0845                     	;# 
   458  0845                     	;# 
   459  0846                     	;# 
   460  0847                     	;# 
   461  0847                     	;# 
   462  0848                     	;# 
   463  0849                     	;# 
   464  084A                     	;# 
   465  084B                     	;# 
   466  084C                     	;# 
   467  084D                     	;# 
   468  084E                     	;# 
   469  084F                     	;# 
   470  0FE4                     	;# 
   471  0FE5                     	;# 
   472  0FE6                     	;# 
   473  0FE7                     	;# 
   474  0FE8                     	;# 
   475  0FE9                     	;# 
   476  0FEA                     	;# 
   477  0FEB                     	;# 
   478  0FED                     	;# 
   479  0FEE                     	;# 
   480  0FEF                     	;# 
   481  000B                     _INTCONbits	set	11
   482  0011                     _PIR1bits	set	17
   483  0015                     _TMR0	set	21
   484  0095                     _OPTION_REGbits	set	149
   485  0099                     _OSCCONbits	set	153
   486  008C                     _TRISAbits	set	140
   487  008D                     _TRISBbits	set	141
   488  008E                     _TRISCbits	set	142
   489  011D                     _APFCONbits	set	285
   490  010C                     _LATAbits	set	268
   491  010D                     _LATBbits	set	269
   492  010E                     _LATCbits	set	270
   493  0212                     _SSPADDbits	set	530
   494  0215                     _SSPCON1bits	set	533
   495  0216                     _SSPCON2bits	set	534
   496  0217                     _SSPCON3bits	set	535
   497  0213                     _SSPMSK	set	531
   498                           
   499                           	psect	intentry
   500  0004                     __pintentry:	
   501                           
   502                           ; #config settings
   503  0000                     
   504 ;; *************** function _tc_int *****************
   505 ;; Defined at:
   506 ;;		line 108 in file "main.c"
   507 ;; Parameters:    Size  Location     Type
   508 ;;		None
   509 ;; Auto vars:     Size  Location     Type
   510 ;;		None
   511 ;; Return value:  Size  Location     Type
   512 ;;		None               void
   513 ;; Registers used:
   514 ;;		wreg, status,2, status,0
   515 ;; Tracked objects:
   516 ;;		On entry : 0/0
   517 ;;		On exit  : 0/0
   518 ;;		Unchanged: 0/0
   519 ;; Data sizes:     COMMON   BANK0   BANK1   BANK2   BANK3   BANK4   BANK5   BANK6
   520 ;;      Params:         0       0       0       0       0       0       0       0
   521 ;;      Locals:         0       0       0       0       0       0       0       0
   522 ;;      Temps:          5       0       0       0       0       0       0       0
   523 ;;      Totals:         5       0       0       0       0       0       0       0
   524 ;;Total ram usage:        5 bytes
   525 ;; Hardware stack levels used:    1
   526 ;; This function calls:
   527 ;;		Nothing
   528 ;; This function is called by:
   529 ;;		Interrupt level 1
   530 ;; This function uses a non-reentrant model
   531 ;;
   532  0004                     _tc_int:	
   533                           
   534                           ;incstack = 0
   535                           ; Regs used in _tc_int: [wreg+status,2+status,0]
   536  0004  147E               	bsf	126,0	;set compiler interrupt flag
   537  0005  3180               	pagesel	$
   538  0006  0020               	movlb	0	; select bank0
   539  0007  087F               	movf	127,w
   540  0008  00F4               	movwf	??_tc_int+4
   541                           
   542                           ;main.c: 111: if(INTCONbits.T0IF && INTCONbits.T0IE){
   543  0009  190B               	btfsc	11,2	;volatile
   544  000A  1E8B               	btfss	11,5	;volatile
   545  000B  284B               	goto	i1l645
   546                           
   547                           ;main.c: 112: TMR0 -= 250;
   548  000C  30FA               	movlw	250
   549  000D  0295               	subwf	21,f	;volatile
   550                           
   551                           ;main.c: 113: INTCONbits.T0IF = 0;
   552  000E  110B               	bcf	11,2	;volatile
   553                           
   554                           ;main.c: 114: tick_us1++;
   555  000F  3001               	movlw	1
   556  0010  07F5               	addwf	_tick_us1,f
   557  0011  3000               	movlw	0
   558  0012  3DF6               	addwfc	_tick_us1+1,f
   559  0013  3000               	movlw	0
   560  0014  3DF7               	addwfc	_tick_us1+2,f
   561  0015  3000               	movlw	0
   562  0016  3DF8               	addwfc	_tick_us1+3,f
   563                           
   564                           ;main.c: 115: if ((tick_us1&0x7FFFFF)>=4800000){
   565  0017  30FF               	movlw	255
   566  0018  0575               	andwf	_tick_us1,w
   567  0019  00F0               	movwf	??_tc_int
   568  001A  30FF               	movlw	255
   569  001B  0576               	andwf	_tick_us1+1,w
   570  001C  00F1               	movwf	??_tc_int+1
   571  001D  307F               	movlw	127
   572  001E  0577               	andwf	_tick_us1+2,w
   573  001F  00F2               	movwf	??_tc_int+2
   574  0020  3000               	movlw	0
   575  0021  0578               	andwf	_tick_us1+3,w
   576  0022  00F3               	movwf	??_tc_int+3
   577  0023  3000               	movlw	0
   578  0024  0273               	subwf	??_tc_int+3,w
   579  0025  1D03               	skipz
   580  0026  2831               	goto	u7_25
   581  0027  3049               	movlw	73
   582  0028  0272               	subwf	??_tc_int+2,w
   583  0029  1D03               	skipz
   584  002A  2831               	goto	u7_25
   585  002B  303E               	movlw	62
   586  002C  0271               	subwf	??_tc_int+1,w
   587  002D  1D03               	skipz
   588  002E  2831               	goto	u7_25
   589  002F  3000               	movlw	0
   590  0030  0270               	subwf	??_tc_int,w
   591  0031                     u7_25:	
   592  0031  1C03               	skipc
   593  0032  284B               	goto	i1l645
   594                           
   595                           ;main.c: 116: tick_us1 -= 4800000;
   596  0033  3000               	movlw	0
   597  0034  00F0               	movwf	??_tc_int
   598  0035  303E               	movlw	62
   599  0036  00F1               	movwf	??_tc_int+1
   600  0037  3049               	movlw	73
   601  0038  00F2               	movwf	??_tc_int+2
   602  0039  3000               	movlw	0
   603  003A  00F3               	movwf	??_tc_int+3
   604  003B  0870               	movf	??_tc_int,w
   605  003C  02F5               	subwf	_tick_us1,f
   606  003D  0871               	movf	??_tc_int+1,w
   607  003E  3BF6               	subwfb	_tick_us1+1,f
   608  003F  0872               	movf	??_tc_int+2,w
   609  0040  3BF7               	subwfb	_tick_us1+2,f
   610  0041  0873               	movf	??_tc_int+3,w
   611  0042  3BF8               	subwfb	_tick_us1+3,f
   612                           
   613                           ;main.c: 117: tick_us1 ^= 0x00800000;
   614  0043  3000               	movlw	0
   615  0044  06F5               	xorwf	_tick_us1,f
   616  0045  3000               	movlw	0
   617  0046  06F6               	xorwf	_tick_us1+1,f
   618  0047  3080               	movlw	128
   619  0048  06F7               	xorwf	_tick_us1+2,f
   620  0049  3000               	movlw	0
   621  004A  06F8               	xorwf	_tick_us1+3,f
   622  004B                     i1l645:	
   623                           
   624                           ;main.c: 118: }
   625                           ;main.c: 119: }
   626                           ;main.c: 120: if(PIR1bits.SSP1IF){
   627  004B  1D91               	btfss	17,3	;volatile
   628  004C  2850               	goto	i1l55
   629                           
   630                           ;main.c: 121: PIR1bits.SSP1IF = 0;
   631  004D  1191               	bcf	17,3	;volatile
   632                           
   633                           ;main.c: 122: LATCbits.LATC7 = 0;
   634  004E  0022               	movlb	2	; select bank2
   635  004F  138E               	bcf	14,7	;volatile
   636  0050                     i1l55:	
   637  0050  0874               	movf	??_tc_int+4,w
   638  0051  0020               	movlb	0	; select bank0
   639  0052  00FF               	movwf	127
   640  0053  107E               	bcf	126,0	;clear compiler interrupt flag
   641  0054  0009               	retfie
   642  0055                     __end_of_tc_int:	
   643  007E                     btemp	set	126	;btemp
   644  007E                     pic14e$flags	set	126
   645  007E                     wtemp	set	126
   646  007E                     wtemp0	set	126
   647  0080                     wtemp1	set	128
   648  0082                     wtemp2	set	130
   649  0084                     wtemp3	set	132
   650  0086                     wtemp4	set	134
   651  0088                     wtemp5	set	136
   652  007F                     wtemp6	set	127
   653  007E                     ttemp	set	126
   654  007E                     ttemp0	set	126
   655  0081                     ttemp1	set	129
   656  0084                     ttemp2	set	132
   657  0087                     ttemp3	set	135
   658  007F                     ttemp4	set	127
   659  007E                     ltemp	set	126
   660  007E                     ltemp0	set	126
   661  0082                     ltemp1	set	130
   662  0086                     ltemp2	set	134
   663  0080                     ltemp3	set	128
   664                           
   665                           	psect	cinit
   666  0057                     start_initialization:	
   667  0057                     __initialization:	
   668                           
   669                           ; Clear objects allocated to COMMON
   670  0057  01F5               	clrf	__pbssCOMMON& (0+127)
   671  0058  01F6               	clrf	(__pbssCOMMON+1)& (0+127)
   672  0059  01F7               	clrf	(__pbssCOMMON+2)& (0+127)
   673  005A  01F8               	clrf	(__pbssCOMMON+3)& (0+127)
   674                           
   675                           ; Clear objects allocated to BANK0
   676  005B  01B3               	clrf	__pbssBANK0& (0+127)
   677  005C  01B4               	clrf	(__pbssBANK0+1)& (0+127)
   678  005D                     end_of_initialization:	
   679                           ;End of C runtime variable initialization code
   680                           
   681  005D                     __end_of__initialization:	
   682  005D  107E               	bcf	pic14e$flags,0	;clear compiler interrupt flag
   683  005E  0020               	movlb	0
   684  005F  3180  2861         	ljmp	_main	;jump to C main() function
   685                           
   686                           	psect	bssCOMMON
   687  0075                     __pbssCOMMON:	
   688  0075                     _tick_us1:	
   689  0075                     	ds	4
   690                           
   691                           	psect	bssBANK0
   692  0033                     __pbssBANK0:	
   693  0033                     _timer24overflow:	
   694  0033                     	ds	2
   695                           
   696                           	psect	cstackCOMMON
   697  0070                     __pcstackCOMMON:	
   698  0070                     ?_SetClockSpeed:	
   699  0070                     ?_tc_int:	
   700                           ; 0 bytes @ 0x0
   701                           
   702  0070                     ??_tc_int:	
   703                           ; 0 bytes @ 0x0
   704                           
   705  0070                     ?_main:	
   706                           ; 0 bytes @ 0x0
   707                           
   708                           
   709                           ; 2 bytes @ 0x0
   710  0070                     	ds	5
   711  0075                     ??_SetClockSpeed:	
   712                           
   713                           	psect	cstackBANK0
   714  0020                     __pcstackBANK0:	
   715                           ; 0 bytes @ 0x5
   716                           
   717  0020                     ?_CheckTick24Timer:	
   718  0020                     ?_Tick24BitTimer:	
   719                           ; 2 bytes @ 0x0
   720                           
   721  0020                     Tick24BitTimer@timer4:	
   722                           ; 4 bytes @ 0x0
   723                           
   724  0020                     CheckTick24Timer@timeout:	
   725                           ; 4 bytes @ 0x0
   726                           
   727                           
   728                           ; 4 bytes @ 0x0
   729  0020                     	ds	4
   730  0024                     ??_Tick24BitTimer:	
   731  0024                     ??_CheckTick24Timer:	
   732                           ; 0 bytes @ 0x4
   733                           
   734                           
   735                           ; 0 bytes @ 0x4
   736  0024                     	ds	4
   737  0028                     Tick24BitTimer@temp:	
   738                           
   739                           ; 4 bytes @ 0x8
   740  0028                     	ds	4
   741  002C                     ??_main:	
   742                           
   743                           ; 0 bytes @ 0xC
   744  002C                     	ds	3
   745  002F                     main@sysLED:	
   746                           
   747                           ; 4 bytes @ 0xF
   748  002F                     	ds	4
   749                           
   750                           	psect	maintext
   751  0061                     __pmaintext:	
   752 ;;
   753 ;;Main: autosize = 0, tempsize = 3, incstack = 0, save=0
   754 ;;
   755 ;; *************** function _main *****************
   756 ;; Defined at:
   757 ;;		line 48 in file "main.c"
   758 ;; Parameters:    Size  Location     Type
   759 ;;		None
   760 ;; Auto vars:     Size  Location     Type
   761 ;;  sysLED          4   15[BANK0 ] unsigned long 
   762 ;; Return value:  Size  Location     Type
   763 ;;                  2   44[COMMON] int 
   764 ;; Registers used:
   765 ;;		wreg, status,2, status,0, pclath, cstack
   766 ;; Tracked objects:
   767 ;;		On entry : 17F/0
   768 ;;		On exit  : 0/0
   769 ;;		Unchanged: 0/0
   770 ;; Data sizes:     COMMON   BANK0   BANK1   BANK2   BANK3   BANK4   BANK5   BANK6
   771 ;;      Params:         0       0       0       0       0       0       0       0
   772 ;;      Locals:         0       4       0       0       0       0       0       0
   773 ;;      Temps:          0       3       0       0       0       0       0       0
   774 ;;      Totals:         0       7       0       0       0       0       0       0
   775 ;;Total ram usage:        7 bytes
   776 ;; Hardware stack levels required when called:    2
   777 ;; This function calls:
   778 ;;		_CheckTick24Timer
   779 ;;		_SetClockSpeed
   780 ;;		_Tick24BitTimer
   781 ;; This function is called by:
   782 ;;		Startup code after reset
   783 ;; This function uses a non-reentrant model
   784 ;;
   785                           
   786                           
   787                           ;psect for function _main
   788  0061                     _main:	
   789                           
   790                           ;main.c: 49: NB_TIMER_ sysLED = Tick24BitTimer(64000);
   791                           
   792                           ;incstack = 0
   793                           ; Regs used in _main: [wreg+status,2+status,0+pclath+cstack]
   794  0061  3000               	movlw	0
   795  0062  0020               	movlb	0	; select bank0
   796  0063  00A3               	movwf	Tick24BitTimer@timer4+3
   797  0064  3000               	movlw	0
   798  0065  00A2               	movwf	Tick24BitTimer@timer4+2
   799  0066  30FA               	movlw	250
   800  0067  00A1               	movwf	Tick24BitTimer@timer4+1
   801  0068  3000               	movlw	0
   802  0069  00A0               	movwf	Tick24BitTimer@timer4
   803  006A  3180  20F4  3180   	fcall	_Tick24BitTimer
   804  006D  0020               	movlb	0	; select bank0
   805  006E  0823               	movf	?_Tick24BitTimer+3,w
   806  006F  00B2               	movwf	main@sysLED+3
   807  0070  0822               	movf	?_Tick24BitTimer+2,w
   808  0071  00B1               	movwf	main@sysLED+2
   809  0072  0821               	movf	?_Tick24BitTimer+1,w
   810  0073  00B0               	movwf	main@sysLED+1
   811  0074  0820               	movf	?_Tick24BitTimer,w
   812  0075  00AF               	movwf	main@sysLED
   813                           
   814                           ;main.c: 51: OPTION_REGbits.TMR0CS = 0;
   815  0076  0021               	movlb	1	; select bank1
   816  0077  1295               	bcf	21,5	;volatile
   817                           
   818                           ;main.c: 52: OPTION_REGbits.TMR0SE = 0;
   819  0078  1215               	bcf	21,4	;volatile
   820                           
   821                           ;main.c: 53: OPTION_REGbits.INTEDG = 1;
   822  0079  1715               	bsf	21,6	;volatile
   823                           
   824                           ;main.c: 54: INTCONbits.TMR0IE = 1;
   825  007A  168B               	bsf	11,5	;volatile
   826                           
   827                           ;main.c: 55: OPTION_REGbits.PSA =1;
   828  007B  1595               	bsf	21,3	;volatile
   829                           
   830                           ;main.c: 57: TRISAbits.TRISA = 0;
   831  007C  3000               	movlw	-256
   832  007D  058C               	andwf	12,f	;volatile
   833                           
   834                           ;main.c: 58: TRISBbits.TRISB = 0;
   835  007E  3000               	movlw	-256
   836  007F  058D               	andwf	13,f	;volatile
   837                           
   838                           ;main.c: 59: TRISCbits.TRISC = 0b00011000;
   839  0080  080E               	movf	14,w	;volatile
   840  0081  3900               	andlw	-256
   841  0082  3818               	iorlw	24
   842  0083  008E               	movwf	14	;volatile
   843                           
   844                           ;main.c: 60: LATAbits.LATA = 0;
   845  0084  3000               	movlw	-256
   846  0085  0022               	movlb	2	; select bank2
   847  0086  058C               	andwf	12,f	;volatile
   848                           
   849                           ;main.c: 61: LATBbits.LATB = 0;
   850  0087  3000               	movlw	-256
   851  0088  058D               	andwf	13,f	;volatile
   852                           
   853                           ;main.c: 62: LATCbits.LATC = 0;
   854  0089  3000               	movlw	-256
   855  008A  058E               	andwf	14,f	;volatile
   856                           
   857                           ;main.c: 64: APFCONbits.SCKSEL = 0;
   858  008B  121D               	bcf	29,4	;volatile
   859                           
   860                           ;main.c: 65: APFCONbits.SDISEL = 0;
   861  008C  119D               	bcf	29,3	;volatile
   862                           
   863                           ;main.c: 67: SetClockSpeed();
   864  008D  3181  21A7  3180   	fcall	_SetClockSpeed
   865                           
   866                           ;main.c: 70: SSPCON1bits.WCOL = 0;
   867  0090  0024               	movlb	4	; select bank4
   868  0091  1395               	bcf	21,7	;volatile
   869                           
   870                           ;main.c: 71: SSPCON1bits.SSPOV = 0;
   871  0092  1315               	bcf	21,6	;volatile
   872                           
   873                           ;main.c: 72: SSPCON1bits.SSPEN = 1;
   874  0093  1695               	bsf	21,5	;volatile
   875                           
   876                           ;main.c: 73: SSPCON1bits.CKP = 0;
   877  0094  1215               	bcf	21,4	;volatile
   878                           
   879                           ;main.c: 75: SSPCON1bits.SSPM = 12;
   880  0095  0815               	movf	21,w	;volatile
   881  0096  39F0               	andlw	-16
   882  0097  380C               	iorlw	12
   883  0098  0095               	movwf	21	;volatile
   884                           
   885                           ;main.c: 77: SSPCON2bits.GCEN = 0;
   886  0099  1396               	bcf	22,7	;volatile
   887                           
   888                           ;main.c: 78: SSPCON2bits.ACKSTAT = 1;
   889  009A  1716               	bsf	22,6	;volatile
   890                           
   891                           ;main.c: 79: SSPCON2bits.SEN = 1;
   892  009B  1416               	bsf	22,0	;volatile
   893                           
   894                           ;main.c: 81: SSPCON3bits.PCIE = 0;
   895  009C  1317               	bcf	23,6	;volatile
   896                           
   897                           ;main.c: 82: SSPCON3bits.SCIE = 1;
   898  009D  1697               	bsf	23,5	;volatile
   899                           
   900                           ;main.c: 83: SSPCON3bits.BOEN = 1;
   901  009E  1617               	bsf	23,4	;volatile
   902                           
   903                           ;main.c: 84: SSPCON3bits.SDAHT = 0;
   904  009F  1197               	bcf	23,3	;volatile
   905                           
   906                           ;main.c: 85: SSPCON3bits.SBCDE = 0;
   907  00A0  1117               	bcf	23,2	;volatile
   908                           
   909                           ;main.c: 86: SSPCON3bits.AHEN = 0;
   910  00A1  1097               	bcf	23,1	;volatile
   911                           
   912                           ;main.c: 87: SSPCON3bits.DHEN = 0;
   913  00A2  1017               	bcf	23,0	;volatile
   914                           
   915                           ;main.c: 90: SSPMSK = 0;
   916  00A3  0193               	clrf	19	;volatile
   917                           
   918                           ;main.c: 92: SSPADDbits.SSPADD = 0x60;
   919  00A4  0812               	movf	18,w	;volatile
   920  00A5  3900               	andlw	-256
   921  00A6  3860               	iorlw	96
   922  00A7  0092               	movwf	18	;volatile
   923                           
   924                           ;main.c: 94: _delay((unsigned long)((1000)*(32000000/4000.0)));
   925  00A8  3029               	movlw	41
   926  00A9  0020               	movlb	0	; select bank0
   927  00AA  00AE               	movwf	??_main+2
   928  00AB  3096               	movlw	150
   929  00AC  00AD               	movwf	??_main+1
   930  00AD  30A6               	movlw	166
   931  00AE  00AC               	movwf	??_main
   932  00AF                     u177:	
   933  00AF  0BAC               	decfsz	??_main,f
   934  00B0  28AF               	goto	u177
   935  00B1  0BAD               	decfsz	??_main+1,f
   936  00B2  28AF               	goto	u177
   937  00B3  0BAE               	decfsz	??_main+2,f
   938  00B4  28AF               	goto	u177
   939                           
   940                           ;main.c: 95: INTCONbits.INTE = 1;
   941  00B5  160B               	bsf	11,4	;volatile
   942                           
   943                           ;main.c: 96: INTCONbits. GIE = 1;
   944  00B6  178B               	bsf	11,7	;volatile
   945                           
   946                           ;main.c: 98: LATCbits.LATC7 = 1;
   947  00B7  0022               	movlb	2	; select bank2
   948  00B8  178E               	bsf	14,7	;volatile
   949  00B9                     l841:	
   950                           ;main.c: 99: while(1){
   951                           
   952                           
   953                           ;main.c: 100: if(CheckTick24Timer(sysLED)){
   954  00B9  0020               	movlb	0	; select bank0
   955  00BA  0832               	movf	main@sysLED+3,w
   956  00BB  00A3               	movwf	CheckTick24Timer@timeout+3
   957  00BC  0831               	movf	main@sysLED+2,w
   958  00BD  00A2               	movwf	CheckTick24Timer@timeout+2
   959  00BE  0830               	movf	main@sysLED+1,w
   960  00BF  00A1               	movwf	CheckTick24Timer@timeout+1
   961  00C0  082F               	movf	main@sysLED,w
   962  00C1  00A0               	movwf	CheckTick24Timer@timeout
   963  00C2  3181  214E  3180   	fcall	_CheckTick24Timer
   964  00C5  0020               	movlb	0	; select bank0
   965  00C6  0821               	movf	?_CheckTick24Timer+1,w
   966  00C7  0420               	iorwf	?_CheckTick24Timer,w
   967  00C8  1903               	skipnz
   968  00C9  28B9               	goto	l841
   969                           
   970                           ;main.c: 101: sysLED = Tick24BitTimer(16000);
   971  00CA  3000               	movlw	0
   972  00CB  00A3               	movwf	Tick24BitTimer@timer4+3
   973  00CC  3000               	movlw	0
   974  00CD  00A2               	movwf	Tick24BitTimer@timer4+2
   975  00CE  303E               	movlw	62
   976  00CF  00A1               	movwf	Tick24BitTimer@timer4+1
   977  00D0  3080               	movlw	128
   978  00D1  00A0               	movwf	Tick24BitTimer@timer4
   979  00D2  3180  20F4  3180   	fcall	_Tick24BitTimer
   980  00D5  0020               	movlb	0	; select bank0
   981  00D6  0823               	movf	?_Tick24BitTimer+3,w
   982  00D7  00B2               	movwf	main@sysLED+3
   983  00D8  0822               	movf	?_Tick24BitTimer+2,w
   984  00D9  00B1               	movwf	main@sysLED+2
   985  00DA  0821               	movf	?_Tick24BitTimer+1,w
   986  00DB  00B0               	movwf	main@sysLED+1
   987  00DC  0820               	movf	?_Tick24BitTimer,w
   988  00DD  00AF               	movwf	main@sysLED
   989                           
   990                           ;main.c: 102: LATCbits.LATC6 ^= 1;
   991  00DE  0022               	movlb	2	; select bank2
   992  00DF  0E0E               	swapf	14,w	;volatile
   993  00E0  0020               	movlb	0	; select bank0
   994  00E1  00AC               	movwf	??_main
   995  00E2  0CAC               	rrf	??_main,f
   996  00E3  0C2C               	rrf	??_main,w
   997  00E4  3901               	andlw	1
   998  00E5  00AC               	movwf	??_main
   999  00E6  3001               	movlw	1
  1000  00E7  06AC               	xorwf	??_main,f
  1001  00E8  0EAC               	swapf	??_main,f
  1002  00E9  0DAC               	rlf	??_main,f
  1003  00EA  0DAC               	rlf	??_main,f
  1004  00EB  0022               	movlb	2	; select bank2
  1005  00EC  080E               	movf	14,w	;volatile
  1006  00ED  0020               	movlb	0	; select bank0
  1007  00EE  062C               	xorwf	??_main,w
  1008  00EF  39BF               	andlw	-65
  1009  00F0  062C               	xorwf	??_main,w
  1010  00F1  0022               	movlb	2	; select bank2
  1011  00F2  008E               	movwf	14	;volatile
  1012  00F3  28B9               	goto	l841
  1013  00F4                     __end_of_main:	
  1014                           ;main.c: 103: }
  1015                           ;main.c: 104: }
  1016                           ;main.c: 106: return 0;
  1017                           ;	Return value of _main is never used
  1018                           
  1019                           
  1020                           	psect	text1
  1021  00F4                     __ptext1:	
  1022 ;; *************** function _Tick24BitTimer *****************
  1023 ;; Defined at:
  1024 ;;		line 30 in file "NB_Time.c"
  1025 ;; Parameters:    Size  Location     Type
  1026 ;;  timer4          4    0[BANK0 ] unsigned long 
  1027 ;; Auto vars:     Size  Location     Type
  1028 ;;  temp            4    8[BANK0 ] unsigned long 
  1029 ;; Return value:  Size  Location     Type
  1030 ;;                  4    0[BANK0 ] unsigned long 
  1031 ;; Registers used:
  1032 ;;		wreg
  1033 ;; Tracked objects:
  1034 ;;		On entry : 0/0
  1035 ;;		On exit  : 0/0
  1036 ;;		Unchanged: 0/0
  1037 ;; Data sizes:     COMMON   BANK0   BANK1   BANK2   BANK3   BANK4   BANK5   BANK6
  1038 ;;      Params:         0       4       0       0       0       0       0       0
  1039 ;;      Locals:         0       4       0       0       0       0       0       0
  1040 ;;      Temps:          0       4       0       0       0       0       0       0
  1041 ;;      Totals:         0      12       0       0       0       0       0       0
  1042 ;;Total ram usage:       12 bytes
  1043 ;; Hardware stack levels used:    1
  1044 ;; Hardware stack levels required when called:    1
  1045 ;; This function calls:
  1046 ;;		Nothing
  1047 ;; This function is called by:
  1048 ;;		_main
  1049 ;; This function uses a non-reentrant model
  1050 ;;
  1051                           
  1052                           
  1053                           ;psect for function _Tick24BitTimer
  1054  00F4                     _Tick24BitTimer:	
  1055                           
  1056                           ;NB_Time.c: 31: NB_TIMER_ temp=0;
  1057                           
  1058                           ;incstack = 0
  1059                           ; Regs used in _Tick24BitTimer: [wreg]
  1060  00F4  3000               	movlw	0
  1061  00F5  0020               	movlb	0	; select bank0
  1062  00F6  00AB               	movwf	Tick24BitTimer@temp+3
  1063  00F7  3000               	movlw	0
  1064  00F8  00AA               	movwf	Tick24BitTimer@temp+2
  1065  00F9  3000               	movlw	0
  1066  00FA  00A9               	movwf	Tick24BitTimer@temp+1
  1067  00FB  3000               	movlw	0
  1068  00FC  00A8               	movwf	Tick24BitTimer@temp
  1069                           
  1070                           ;NB_Time.c: 32: temp = timer4 + tick_us1;
  1071  00FD  0820               	movf	Tick24BitTimer@timer4,w
  1072  00FE  0775               	addwf	_tick_us1,w
  1073  00FF  00A4               	movwf	??_Tick24BitTimer
  1074  0100  0821               	movf	Tick24BitTimer@timer4+1,w
  1075  0101  3D76               	addwfc	_tick_us1+1,w
  1076  0102  00A5               	movwf	??_Tick24BitTimer+1
  1077  0103  0822               	movf	Tick24BitTimer@timer4+2,w
  1078  0104  3D77               	addwfc	_tick_us1+2,w
  1079  0105  00A6               	movwf	??_Tick24BitTimer+2
  1080  0106  0823               	movf	Tick24BitTimer@timer4+3,w
  1081  0107  3D78               	addwfc	_tick_us1+3,w
  1082  0108  00A7               	movwf	??_Tick24BitTimer+3
  1083  0109  0827               	movf	??_Tick24BitTimer+3,w
  1084  010A  00AB               	movwf	Tick24BitTimer@temp+3
  1085  010B  0826               	movf	??_Tick24BitTimer+2,w
  1086  010C  00AA               	movwf	Tick24BitTimer@temp+2
  1087  010D  0825               	movf	??_Tick24BitTimer+1,w
  1088  010E  00A9               	movwf	Tick24BitTimer@temp+1
  1089  010F  0824               	movf	??_Tick24BitTimer,w
  1090  0110  00A8               	movwf	Tick24BitTimer@temp
  1091                           
  1092                           ;NB_Time.c: 33: if((temp&0x7FFFFF)>4800000){
  1093  0111  30FF               	movlw	255
  1094  0112  0528               	andwf	Tick24BitTimer@temp,w
  1095  0113  00A4               	movwf	??_Tick24BitTimer
  1096  0114  30FF               	movlw	255
  1097  0115  0529               	andwf	Tick24BitTimer@temp+1,w
  1098  0116  00A5               	movwf	??_Tick24BitTimer+1
  1099  0117  307F               	movlw	127
  1100  0118  052A               	andwf	Tick24BitTimer@temp+2,w
  1101  0119  00A6               	movwf	??_Tick24BitTimer+2
  1102  011A  3000               	movlw	0
  1103  011B  052B               	andwf	Tick24BitTimer@temp+3,w
  1104  011C  00A7               	movwf	??_Tick24BitTimer+3
  1105  011D  3000               	movlw	0
  1106  011E  0227               	subwf	??_Tick24BitTimer+3,w
  1107  011F  1D03               	skipz
  1108  0120  292B               	goto	u135
  1109  0121  3049               	movlw	73
  1110  0122  0226               	subwf	??_Tick24BitTimer+2,w
  1111  0123  1D03               	skipz
  1112  0124  292B               	goto	u135
  1113  0125  303E               	movlw	62
  1114  0126  0225               	subwf	??_Tick24BitTimer+1,w
  1115  0127  1D03               	skipz
  1116  0128  292B               	goto	u135
  1117  0129  3001               	movlw	1
  1118  012A  0224               	subwf	??_Tick24BitTimer,w
  1119  012B                     u135:	
  1120  012B  1C03               	skipc
  1121  012C  2945               	goto	l67
  1122                           
  1123                           ;NB_Time.c: 34: temp -= 4800000;
  1124  012D  3000               	movlw	0
  1125  012E  00A4               	movwf	??_Tick24BitTimer
  1126  012F  303E               	movlw	62
  1127  0130  00A5               	movwf	??_Tick24BitTimer+1
  1128  0131  3049               	movlw	73
  1129  0132  00A6               	movwf	??_Tick24BitTimer+2
  1130  0133  3000               	movlw	0
  1131  0134  00A7               	movwf	??_Tick24BitTimer+3
  1132  0135  0824               	movf	??_Tick24BitTimer,w
  1133  0136  02A8               	subwf	Tick24BitTimer@temp,f
  1134  0137  0825               	movf	??_Tick24BitTimer+1,w
  1135  0138  3BA9               	subwfb	Tick24BitTimer@temp+1,f
  1136  0139  0826               	movf	??_Tick24BitTimer+2,w
  1137  013A  3BAA               	subwfb	Tick24BitTimer@temp+2,f
  1138  013B  0827               	movf	??_Tick24BitTimer+3,w
  1139  013C  3BAB               	subwfb	Tick24BitTimer@temp+3,f
  1140                           
  1141                           ;NB_Time.c: 35: temp ^= 0x800000;
  1142  013D  3000               	movlw	0
  1143  013E  06A8               	xorwf	Tick24BitTimer@temp,f
  1144  013F  3000               	movlw	0
  1145  0140  06A9               	xorwf	Tick24BitTimer@temp+1,f
  1146  0141  3080               	movlw	128
  1147  0142  06AA               	xorwf	Tick24BitTimer@temp+2,f
  1148  0143  3000               	movlw	0
  1149  0144  06AB               	xorwf	Tick24BitTimer@temp+3,f
  1150  0145                     l67:	
  1151                           
  1152                           ;NB_Time.c: 36: }
  1153                           ;NB_Time.c: 44: return temp;
  1154  0145  082B               	movf	Tick24BitTimer@temp+3,w
  1155  0146  00A3               	movwf	?_Tick24BitTimer+3
  1156  0147  082A               	movf	Tick24BitTimer@temp+2,w
  1157  0148  00A2               	movwf	?_Tick24BitTimer+2
  1158  0149  0829               	movf	Tick24BitTimer@temp+1,w
  1159  014A  00A1               	movwf	?_Tick24BitTimer+1
  1160  014B  0828               	movf	Tick24BitTimer@temp,w
  1161  014C  00A0               	movwf	?_Tick24BitTimer
  1162  014D  0008               	return
  1163  014E                     __end_of_Tick24BitTimer:	
  1164                           
  1165                           	psect	text2
  1166  01A7                     __ptext2:	
  1167 ;; *************** function _SetClockSpeed *****************
  1168 ;; Defined at:
  1169 ;;		line 15 in file "NB_Time.c"
  1170 ;; Parameters:    Size  Location     Type
  1171 ;;		None
  1172 ;; Auto vars:     Size  Location     Type
  1173 ;;		None
  1174 ;; Return value:  Size  Location     Type
  1175 ;;		None               void
  1176 ;; Registers used:
  1177 ;;		wreg, status,2, status,0
  1178 ;; Tracked objects:
  1179 ;;		On entry : 0/0
  1180 ;;		On exit  : 0/0
  1181 ;;		Unchanged: 0/0
  1182 ;; Data sizes:     COMMON   BANK0   BANK1   BANK2   BANK3   BANK4   BANK5   BANK6
  1183 ;;      Params:         0       0       0       0       0       0       0       0
  1184 ;;      Locals:         0       0       0       0       0       0       0       0
  1185 ;;      Temps:          0       0       0       0       0       0       0       0
  1186 ;;      Totals:         0       0       0       0       0       0       0       0
  1187 ;;Total ram usage:        0 bytes
  1188 ;; Hardware stack levels used:    1
  1189 ;; Hardware stack levels required when called:    1
  1190 ;; This function calls:
  1191 ;;		Nothing
  1192 ;; This function is called by:
  1193 ;;		_main
  1194 ;; This function uses a non-reentrant model
  1195 ;;
  1196                           
  1197                           
  1198                           ;psect for function _SetClockSpeed
  1199  01A7                     _SetClockSpeed:	
  1200                           
  1201                           ;NB_Time.c: 17: OSCCONbits.SCS=0;
  1202                           
  1203                           ;incstack = 0
  1204                           ; Regs used in _SetClockSpeed: [wreg+status,2+status,0]
  1205  01A7  30FC               	movlw	-4
  1206  01A8  0021               	movlb	1	; select bank1
  1207  01A9  0599               	andwf	25,f	;volatile
  1208                           
  1209                           ;NB_Time.c: 18: OSCCONbits.IRCF= 0b1111;
  1210  01AA  3078               	movlw	120
  1211  01AB  0499               	iorwf	25,f	;volatile
  1212                           
  1213                           ;NB_Time.c: 19: OSCCONbits.SPLLEN = 1;
  1214  01AC  1799               	bsf	25,7	;volatile
  1215  01AD  0008               	return
  1216  01AE                     __end_of_SetClockSpeed:	
  1217                           ;NB_Time.c: 20: return;
  1218                           
  1219                           
  1220                           	psect	text3
  1221  014E                     __ptext3:	
  1222 ;; *************** function _CheckTick24Timer *****************
  1223 ;; Defined at:
  1224 ;;		line 53 in file "NB_Time.c"
  1225 ;; Parameters:    Size  Location     Type
  1226 ;;  timeout         4    0[BANK0 ] unsigned long 
  1227 ;; Auto vars:     Size  Location     Type
  1228 ;;		None
  1229 ;; Return value:  Size  Location     Type
  1230 ;;                  2    0[BANK0 ] unsigned int 
  1231 ;; Registers used:
  1232 ;;		wreg, status,2
  1233 ;; Tracked objects:
  1234 ;;		On entry : 0/0
  1235 ;;		On exit  : 0/0
  1236 ;;		Unchanged: 0/0
  1237 ;; Data sizes:     COMMON   BANK0   BANK1   BANK2   BANK3   BANK4   BANK5   BANK6
  1238 ;;      Params:         0       4       0       0       0       0       0       0
  1239 ;;      Locals:         0       0       0       0       0       0       0       0
  1240 ;;      Temps:          0       8       0       0       0       0       0       0
  1241 ;;      Totals:         0      12       0       0       0       0       0       0
  1242 ;;Total ram usage:       12 bytes
  1243 ;; Hardware stack levels used:    1
  1244 ;; Hardware stack levels required when called:    1
  1245 ;; This function calls:
  1246 ;;		Nothing
  1247 ;; This function is called by:
  1248 ;;		_main
  1249 ;; This function uses a non-reentrant model
  1250 ;;
  1251                           
  1252                           
  1253                           ;psect for function _CheckTick24Timer
  1254  014E                     _CheckTick24Timer:	
  1255                           
  1256                           ;NB_Time.c: 63: if(((timeout&0x7FFFFF)<(tick_us1&0x7FFFFF))&&((timeout&0x800000)==(tick_
      +                          us1&0x800000))){
  1257                           
  1258                           ;incstack = 0
  1259                           ; Regs used in _CheckTick24Timer: [wreg+status,2]
  1260  014E  30FF               	movlw	255
  1261  014F  0575               	andwf	_tick_us1,w
  1262  0150  0020               	movlb	0	; select bank0
  1263  0151  00A4               	movwf	??_CheckTick24Timer
  1264  0152  30FF               	movlw	255
  1265  0153  0576               	andwf	_tick_us1+1,w
  1266  0154  00A5               	movwf	??_CheckTick24Timer+1
  1267  0155  307F               	movlw	127
  1268  0156  0577               	andwf	_tick_us1+2,w
  1269  0157  00A6               	movwf	??_CheckTick24Timer+2
  1270  0158  3000               	movlw	0
  1271  0159  0578               	andwf	_tick_us1+3,w
  1272  015A  00A7               	movwf	??_CheckTick24Timer+3
  1273  015B  30FF               	movlw	255
  1274  015C  0520               	andwf	CheckTick24Timer@timeout,w
  1275  015D  00A8               	movwf	??_CheckTick24Timer+4
  1276  015E  30FF               	movlw	255
  1277  015F  0521               	andwf	CheckTick24Timer@timeout+1,w
  1278  0160  00A9               	movwf	??_CheckTick24Timer+5
  1279  0161  307F               	movlw	127
  1280  0162  0522               	andwf	CheckTick24Timer@timeout+2,w
  1281  0163  00AA               	movwf	??_CheckTick24Timer+6
  1282  0164  3000               	movlw	0
  1283  0165  0523               	andwf	CheckTick24Timer@timeout+3,w
  1284  0166  00AB               	movwf	??_CheckTick24Timer+7
  1285  0167  0827               	movf	??_CheckTick24Timer+3,w
  1286  0168  022B               	subwf	??_CheckTick24Timer+7,w
  1287  0169  1D03               	skipz
  1288  016A  2975               	goto	u145
  1289  016B  0826               	movf	??_CheckTick24Timer+2,w
  1290  016C  022A               	subwf	??_CheckTick24Timer+6,w
  1291  016D  1D03               	skipz
  1292  016E  2975               	goto	u145
  1293  016F  0825               	movf	??_CheckTick24Timer+1,w
  1294  0170  0229               	subwf	??_CheckTick24Timer+5,w
  1295  0171  1D03               	skipz
  1296  0172  2975               	goto	u145
  1297  0173  0824               	movf	??_CheckTick24Timer,w
  1298  0174  0228               	subwf	??_CheckTick24Timer+4,w
  1299  0175                     u145:	
  1300  0175  1803               	skipnc
  1301  0176  29A4               	goto	l765
  1302  0177  3000               	movlw	0
  1303  0178  0575               	andwf	_tick_us1,w
  1304  0179  00A4               	movwf	??_CheckTick24Timer
  1305  017A  3000               	movlw	0
  1306  017B  0576               	andwf	_tick_us1+1,w
  1307  017C  00A5               	movwf	??_CheckTick24Timer+1
  1308  017D  3080               	movlw	128
  1309  017E  0577               	andwf	_tick_us1+2,w
  1310  017F  00A6               	movwf	??_CheckTick24Timer+2
  1311  0180  3000               	movlw	0
  1312  0181  0578               	andwf	_tick_us1+3,w
  1313  0182  00A7               	movwf	??_CheckTick24Timer+3
  1314  0183  3000               	movlw	0
  1315  0184  0520               	andwf	CheckTick24Timer@timeout,w
  1316  0185  00A8               	movwf	??_CheckTick24Timer+4
  1317  0186  3000               	movlw	0
  1318  0187  0521               	andwf	CheckTick24Timer@timeout+1,w
  1319  0188  00A9               	movwf	??_CheckTick24Timer+5
  1320  0189  3080               	movlw	128
  1321  018A  0522               	andwf	CheckTick24Timer@timeout+2,w
  1322  018B  00AA               	movwf	??_CheckTick24Timer+6
  1323  018C  3000               	movlw	0
  1324  018D  0523               	andwf	CheckTick24Timer@timeout+3,w
  1325  018E  00AB               	movwf	??_CheckTick24Timer+7
  1326  018F  0827               	movf	??_CheckTick24Timer+3,w
  1327  0190  062B               	xorwf	??_CheckTick24Timer+7,w
  1328  0191  1D03               	skipz
  1329  0192  299D               	goto	u155
  1330  0193  0826               	movf	??_CheckTick24Timer+2,w
  1331  0194  062A               	xorwf	??_CheckTick24Timer+6,w
  1332  0195  1D03               	skipz
  1333  0196  299D               	goto	u155
  1334  0197  0825               	movf	??_CheckTick24Timer+1,w
  1335  0198  0629               	xorwf	??_CheckTick24Timer+5,w
  1336  0199  1D03               	skipz
  1337  019A  299D               	goto	u155
  1338  019B  0824               	movf	??_CheckTick24Timer,w
  1339  019C  0628               	xorwf	??_CheckTick24Timer+4,w
  1340  019D                     u155:	
  1341  019D  1D03               	skipz
  1342  019E  29A4               	goto	l765
  1343                           
  1344                           ;NB_Time.c: 64: return 1;
  1345  019F  3001               	movlw	1
  1346  01A0  00A0               	movwf	?_CheckTick24Timer
  1347  01A1  3000               	movlw	0
  1348  01A2  00A1               	movwf	?_CheckTick24Timer+1
  1349  01A3  0008               	return
  1350  01A4                     l765:	
  1351                           
  1352                           ;NB_Time.c: 65: }
  1353                           ;NB_Time.c: 66: return 0;
  1354  01A4  01A0               	clrf	?_CheckTick24Timer
  1355  01A5  01A1               	clrf	?_CheckTick24Timer+1
  1356  01A6  0008               	return
  1357  01A7                     __end_of_CheckTick24Timer:	


Data Sizes:
    Strings     0
    Constant    0
    Data        0
    BSS         6
    Persistent  0
    Stack       0

Auto Spaces:
    Space          Size  Autos    Used
    COMMON           14      5       9
    BANK0            80     19      21
    BANK1            80      0       0
    BANK2            80      0       0
    BANK3            80      0       0
    BANK4            80      0       0
    BANK5            80      0       0
    BANK6            16      0       0

Pointer List with Targets:

    None.

Critical Paths under _main in COMMON

    None.

Critical Paths under _tc_int in COMMON

    None.

Critical Paths under _main in BANK0

    _main->_CheckTick24Timer
    _main->_Tick24BitTimer

Critical Paths under _tc_int in BANK0

    None.

Critical Paths under _main in BANK1

    None.

Critical Paths under _tc_int in BANK1

    None.

Critical Paths under _main in BANK2

    None.

Critical Paths under _tc_int in BANK2

    None.

Critical Paths under _main in BANK3

    None.

Critical Paths under _tc_int in BANK3

    None.

Critical Paths under _main in BANK4

    None.

Critical Paths under _tc_int in BANK4

    None.

Critical Paths under _main in BANK5

    None.

Critical Paths under _tc_int in BANK5

    None.

Critical Paths under _main in BANK6

    None.

Critical Paths under _tc_int in BANK6

    None.

Call Graph Tables:

 ---------------------------------------------------------------------------------
 (Depth) Function   	        Calls       Base Space   Used Autos Params    Refs
 ---------------------------------------------------------------------------------
 (0) _main                                                 7     7      0     399
                                             12 BANK0      7     7      0
                   _CheckTick24Timer
                      _SetClockSpeed
                     _Tick24BitTimer
 ---------------------------------------------------------------------------------
 (1) _Tick24BitTimer                                      12     8      4     235
                                              0 BANK0     12     8      4
 ---------------------------------------------------------------------------------
 (1) _SetClockSpeed                                        0     0      0       0
 ---------------------------------------------------------------------------------
 (1) _CheckTick24Timer                                    12     8      4     127
                                              0 BANK0     12     8      4
 ---------------------------------------------------------------------------------
 Estimated maximum stack depth 1
 ---------------------------------------------------------------------------------
 (Depth) Function   	        Calls       Base Space   Used Autos Params    Refs
 ---------------------------------------------------------------------------------
 (2) _tc_int                                               5     5      0       0
                                              0 COMMON     5     5      0
 ---------------------------------------------------------------------------------
 Estimated maximum stack depth 2
 ---------------------------------------------------------------------------------

 Call Graph Graphs:

 _main (ROOT)
   _CheckTick24Timer
   _SetClockSpeed
   _Tick24BitTimer

 _tc_int (ROOT)

 Address spaces:
Name               Size   Autos  Total    Cost      Usage
BIGRAM             1F0      0       0       0        0.0%
EEDATA             100      0       0       0        0.0%
NULL                 0      0       0       0        0.0%
CODE                 0      0       0       0        0.0%
BITCOMMON            E      0       0       1        0.0%
BITSFR0              0      0       0       1        0.0%
SFR0                 0      0       0       1        0.0%
COMMON               E      5       9       2       64.3%
BITSFR1              0      0       0       2        0.0%
SFR1                 0      0       0       2        0.0%
BITSFR2              0      0       0       3        0.0%
SFR2                 0      0       0       3        0.0%
STACK                0      0       0       3        0.0%
BITSFR3              0      0       0       4        0.0%
SFR3                 0      0       0       4        0.0%
ABS                  0      0      1E       4        0.0%
BITBANK0            50      0       0       5        0.0%
BITSFR4              0      0       0       5        0.0%
SFR4                 0      0       0       5        0.0%
BANK0               50     13      15       6       26.3%
BITSFR5              0      0       0       6        0.0%
SFR5                 0      0       0       6        0.0%
BITBANK1            50      0       0       7        0.0%
BITSFR6              0      0       0       7        0.0%
SFR6                 0      0       0       7        0.0%
BANK1               50      0       0       8        0.0%
BITSFR7              0      0       0       8        0.0%
SFR7                 0      0       0       8        0.0%
BITBANK2            50      0       0       9        0.0%
BITSFR8              0      0       0       9        0.0%
SFR8                 0      0       0       9        0.0%
BANK2               50      0       0      10        0.0%
BITSFR9              0      0       0      10        0.0%
SFR9                 0      0       0      10        0.0%
BITBANK3            50      0       0      11        0.0%
BITSFR10             0      0       0      11        0.0%
SFR10                0      0       0      11        0.0%
BANK3               50      0       0      12        0.0%
BITSFR11             0      0       0      12        0.0%
SFR11                0      0       0      12        0.0%
BITBANK4            50      0       0      13        0.0%
BITSFR12             0      0       0      13        0.0%
SFR12                0      0       0      13        0.0%
BANK4               50      0       0      14        0.0%
BITSFR13             0      0       0      14        0.0%
SFR13                0      0       0      14        0.0%
BITBANK5            50      0       0      15        0.0%
BITSFR14             0      0       0      15        0.0%
SFR14                0      0       0      15        0.0%
BANK5               50      0       0      16        0.0%
BITSFR15             0      0       0      16        0.0%
SFR15                0      0       0      16        0.0%
BITBANK6            10      0       0      17        0.0%
BITSFR16             0      0       0      17        0.0%
SFR16                0      0       0      17        0.0%
BANK6               10      0       0      18        0.0%
BITSFR17             0      0       0      18        0.0%
SFR17                0      0       0      18        0.0%
BITSFR18             0      0       0      19        0.0%
SFR18                0      0       0      19        0.0%
DATA                 0      0      1E      19        0.0%
BITSFR19             0      0       0      20        0.0%
SFR19                0      0       0      20        0.0%
BITSFR20             0      0       0      21        0.0%
SFR20                0      0       0      21        0.0%
BITSFR21             0      0       0      22        0.0%
SFR21                0      0       0      22        0.0%
BITSFR22             0      0       0      23        0.0%
SFR22                0      0       0      23        0.0%
BITSFR23             0      0       0      24        0.0%
SFR23                0      0       0      24        0.0%
BITSFR24             0      0       0      25        0.0%
SFR24                0      0       0      25        0.0%
BITSFR25             0      0       0      26        0.0%
SFR25                0      0       0      26        0.0%
BITSFR26             0      0       0      27        0.0%
SFR26                0      0       0      27        0.0%
BITSFR27             0      0       0      28        0.0%
SFR27                0      0       0      28        0.0%
BITSFR28             0      0       0      29        0.0%
SFR28                0      0       0      29        0.0%
BITSFR29             0      0       0      30        0.0%
SFR29                0      0       0      30        0.0%
BITSFR30             0      0       0      31        0.0%
SFR30                0      0       0      31        0.0%
BITSFR31             0      0       0      32        0.0%
SFR31                0      0       0      32        0.0%


Microchip Technology PIC Macro Assembler V1.32 build 58300 
Symbol Table                                                                                   Mon May 04 17:49:30 2015

              __CFG_CP$OFF 0000                         l67 0145                __CFG_LVP$ON 0000  
                      l841 00B9                        l765 01A4                        u135 012B  
                      u145 0175                        u155 019D                        u177 00AF  
             __CFG_CPD$OFF 0000               __CFG_BORV$LO 0000                       i1l55 0050  
                     _TMR0 0015                       u7_25 0031               __CFG_WRT$OFF 0000  
            __CFG_FCMEN$ON 0000                       _main 0061                       btemp 007E  
                     ltemp 007E                       start 0055                       ttemp 007E  
                     wtemp 007E              __CFG_IESO$OFF 0000              __CFG_MCLRE$ON 0000  
                    ?_main 0070              __CFG_WDTE$OFF 0000                      i1l645 004B  
           __CFG_BOREN$OFF 0000                      ltemp0 007E                      ltemp1 0082  
                    ltemp2 0086                      ltemp3 0080                      ttemp0 007E  
                    ttemp1 0081                      ttemp2 0084                      ttemp3 0087  
                    ttemp4 007F                      wtemp0 007E                      wtemp1 0080  
                    wtemp2 0082                      wtemp3 0084                      wtemp4 0086  
                    wtemp5 0088                      wtemp6 007F            __initialization 0057  
             __end_of_main 00F4             __CFG_LPBOR$OFF 0000                     ??_main 002C  
           __CFG_PLLEN$OFF 0000    __size_of_Tick24BitTimer 005A                     _SSPMSK 0213  
           __CFG_PWRTE$OFF 0000             __CFG_STVREN$ON 0000                     _tc_int 0004  
   __size_of_SetClockSpeed 0007    __end_of__initialization 005D             __pcstackCOMMON 0070  
__size_of_CheckTick24Timer 0059             _OPTION_REGbits 0095                 __pbssBANK0 0033  
          __CFG_VCAPEN$OFF 0000                 __pmaintext 0061              _SetClockSpeed 01A7  
               __pintentry 0004                    ?_tc_int 0070             _Tick24BitTimer 00F4  
           ?_SetClockSpeed 0070            __size_of_tc_int 0051                    __ptext1 00F4  
                  __ptext2 01A7                    __ptext3 014E     __end_of_Tick24BitTimer 014E  
     end_of_initialization 005D           _CheckTick24Timer 014E           __CFG_FOSC$INTOSC 0000  
                _TRISAbits 008C                  _TRISBbits 008D                  _TRISCbits 008E  
          ?_Tick24BitTimer 0020            ??_SetClockSpeed 0075                 main@sysLED 002F  
           __end_of_tc_int 0055        start_initialization 0057       Tick24BitTimer@timer4 0020  
                 ??_tc_int 0070                __pbssCOMMON 0075                  ___latbits 0001  
            __pcstackBANK0 0020   __end_of_CheckTick24Timer 01A7                   _LATAbits 010C  
                 _LATBbits 010D                   _LATCbits 010E                   _PIR1bits 0011  
         ??_Tick24BitTimer 0024    CheckTick24Timer@timeout 0020                 _APFCONbits 011D  
            __size_of_main 0093                   _tick_us1 0075      __end_of_SetClockSpeed 01AE  
               _INTCONbits 000B         Tick24BitTimer@temp 0028                pic14e$flags 007E  
                 intlevel1 0000          __CFG_CLKOUTEN$OFF 0000                 _OSCCONbits 0099  
          _timer24overflow 0033                _SSPCON1bits 0215                _SSPCON2bits 0216  
              _SSPCON3bits 0217          ?_CheckTick24Timer 0020                 _SSPADDbits 0212  
       ??_CheckTick24Timer 0024  
